This file contains any messages produced by compilers while
running configure, to aid debugging if configure makes a mistake.

It was created by FULL-PACKAGE-NAME configure VERSION, which was
generated by GNU Autoconf 2.69.  Invocation command line was

  $ ./configure 

## --------- ##
## Platform. ##
## --------- ##

hostname = linuxmin-F83VF
uname -m = i686
uname -r = 3.11.0-13-generic
uname -s = Linux
uname -v = #20-Ubuntu SMP Wed Oct 23 17:26:33 UTC 2013

/usr/bin/uname -p = unknown
/bin/uname -X     = unknown

/bin/arch              = unknown
/usr/bin/arch -k       = unknown
/usr/convex/getsysinfo = unknown
/usr/bin/hostinfo      = unknown
/bin/machine           = unknown
/usr/bin/oslevel       = unknown
/bin/universe          = unknown

PATH: /usr/local/Trolltech/Qt-4.8.5/bin
PATH: /usr/lib/lightdm/lightdm
PATH: /usr/local/sbin
PATH: /usr/local/bin
PATH: /usr/sbin
PATH: /usr/bin
PATH: /sbin
PATH: /bin
PATH: /usr/games
PATH: /usr/local/games


## ----------- ##
## Core tests. ##
## ----------- ##

configure:2077: checking for a BSD-compatible install
configure:2145: result: /usr/bin/install -c
configure:2156: checking whether build environment is sane
configure:2211: result: yes
configure:2362: checking for a thread-safe mkdir -p
configure:2401: result: /bin/mkdir -p
configure:2408: checking for gawk
configure:2438: result: no
configure:2408: checking for mawk
configure:2424: found /usr/bin/mawk
configure:2435: result: mawk
configure:2446: checking whether make sets $(MAKE)
configure:2468: result: yes
configure:2497: checking whether make supports nested variables
configure:2514: result: yes
configure:2651: checking for gcc
configure:2667: found /usr/bin/gcc
configure:2678: result: gcc
configure:2907: checking for C compiler version
configure:2916: gcc --version >&5
gcc (Ubuntu/Linaro 4.8.1-10ubuntu8) 4.8.1
Copyright (C) 2013 Free Software Foundation, Inc.
This is free software; see the source for copying conditions.  There is NO
warranty; not even for MERCHANTABILITY or FITNESS FOR A PARTICULAR PURPOSE.

configure:2927: $? = 0
configure:2916: gcc -v >&5
Using built-in specs.
COLLECT_GCC=gcc
COLLECT_LTO_WRAPPER=/usr/lib/gcc/i686-linux-gnu/4.8/lto-wrapper
Target: i686-linux-gnu
Configured with: ../src/configure -v --with-pkgversion='Ubuntu/Linaro 4.8.1-10ubuntu8' --with-bugurl=file:///usr/share/doc/gcc-4.8/README.Bugs --enable-languages=c,c++,java,go,d,fortran,objc,obj-c++ --prefix=/usr --program-suffix=-4.8 --enable-shared --enable-linker-build-id --libexecdir=/usr/lib --without-included-gettext --enable-threads=posix --with-gxx-include-dir=/usr/include/c++/4.8 --libdir=/usr/lib --enable-nls --with-sysroot=/ --enable-clocale=gnu --enable-libstdcxx-debug --enable-libstdcxx-time=yes --enable-gnu-unique-object --enable-plugin --with-system-zlib --disable-browser-plugin --enable-java-awt=gtk --enable-gtk-cairo --with-java-home=/usr/lib/jvm/java-1.5.0-gcj-4.8-i386/jre --enable-java-home --with-jvm-root-dir=/usr/lib/jvm/java-1.5.0-gcj-4.8-i386 --with-jvm-jar-dir=/usr/lib/jvm-exports/java-1.5.0-gcj-4.8-i386 --with-arch-directory=i386 --with-ecj-jar=/usr/share/java/eclipse-ecj.jar --enable-objc-gc --enable-targets=all --enable-multiarch --disable-werror --with-arch-32=i686 --with-multilib-list=m32,m64,mx32 --with-tune=generic --enable-checking=release --build=i686-linux-gnu --host=i686-linux-gnu --target=i686-linux-gnu
Thread model: posix
gcc version 4.8.1 (Ubuntu/Linaro 4.8.1-10ubuntu8) 
configure:2927: $? = 0
configure:2916: gcc -V >&5
gcc: error: unrecognized command line option '-V'
gcc: fatal error: no input files
compilation terminated.
configure:2927: $? = 4
configure:2916: gcc -qversion >&5
gcc: error: unrecognized command line option '-qversion'
gcc: fatal error: no input files
compilation terminated.
configure:2927: $? = 4
configure:2947: checking whether the C compiler works
configure:2969: gcc    conftest.c  >&5
configure:2973: $? = 0
configure:3021: result: yes
configure:3024: checking for C compiler default output file name
configure:3026: result: a.out
configure:3032: checking for suffix of executables
configure:3039: gcc -o conftest    conftest.c  >&5
configure:3043: $? = 0
configure:3065: result: 
configure:3087: checking whether we are cross compiling
configure:3095: gcc -o conftest    conftest.c  >&5
configure:3099: $? = 0
configure:3106: ./conftest
configure:3110: $? = 0
configure:3125: result: no
configure:3130: checking for suffix of object files
configure:3152: gcc -c   conftest.c >&5
configure:3156: $? = 0
configure:3177: result: o
configure:3181: checking whether we are using the GNU C compiler
configure:3200: gcc -c   conftest.c >&5
configure:3200: $? = 0
configure:3209: result: yes
configure:3218: checking whether gcc accepts -g
configure:3238: gcc -c -g  conftest.c >&5
configure:3238: $? = 0
configure:3279: result: yes
configure:3296: checking for gcc option to accept ISO C89
configure:3359: gcc  -c -g -O2  conftest.c >&5
configure:3359: $? = 0
configure:3372: result: none needed
configure:3403: checking for style of include used by make
configure:3431: result: GNU
configure:3457: checking dependency style of gcc
configure:3568: result: gcc3
configure:3628: checking for ranlib
configure:3644: found /usr/bin/ranlib
configure:3655: result: ranlib
configure:3684: checking how to run the C preprocessor
configure:3715: gcc -E  conftest.c
configure:3715: $? = 0
configure:3729: gcc -E  conftest.c
conftest.c:11:28: fatal error: ac_nonexistent.h: No such file or directory
 #include <ac_nonexistent.h>
                            ^
compilation terminated.
configure:3729: $? = 1
configure: failed program was:
| /* confdefs.h */
| #define PACKAGE_NAME "FULL-PACKAGE-NAME"
| #define PACKAGE_TARNAME "full-package-name"
| #define PACKAGE_VERSION "VERSION"
| #define PACKAGE_STRING "FULL-PACKAGE-NAME VERSION"
| #define PACKAGE_BUGREPORT "BUG-REPORT-ADDRESS"
| #define PACKAGE_URL ""
| #define PACKAGE "full-package-name"
| #define VERSION "VERSION"
| /* end confdefs.h.  */
| #include <ac_nonexistent.h>
configure:3754: result: gcc -E
configure:3774: gcc -E  conftest.c
configure:3774: $? = 0
configure:3788: gcc -E  conftest.c
conftest.c:11:28: fatal error: ac_nonexistent.h: No such file or directory
 #include <ac_nonexistent.h>
                            ^
compilation terminated.
configure:3788: $? = 1
configure: failed program was:
| /* confdefs.h */
| #define PACKAGE_NAME "FULL-PACKAGE-NAME"
| #define PACKAGE_TARNAME "full-package-name"
| #define PACKAGE_VERSION "VERSION"
| #define PACKAGE_STRING "FULL-PACKAGE-NAME VERSION"
| #define PACKAGE_BUGREPORT "BUG-REPORT-ADDRESS"
| #define PACKAGE_URL ""
| #define PACKAGE "full-package-name"
| #define VERSION "VERSION"
| /* end confdefs.h.  */
| #include <ac_nonexistent.h>
configure:3817: checking for grep that handles long lines and -e
configure:3875: result: /bin/grep
configure:3880: checking for egrep
configure:3942: result: /bin/grep -E
configure:3947: checking for ANSI C header files
configure:3967: gcc -c -g -O2  conftest.c >&5
configure:3967: $? = 0
configure:4040: gcc -o conftest -g -O2   conftest.c  >&5
configure:4040: $? = 0
configure:4040: ./conftest
configure:4040: $? = 0
configure:4051: result: yes
configure:4064: checking for sys/types.h
configure:4064: gcc -c -g -O2  conftest.c >&5
configure:4064: $? = 0
configure:4064: result: yes
configure:4064: checking for sys/stat.h
configure:4064: gcc -c -g -O2  conftest.c >&5
configure:4064: $? = 0
configure:4064: result: yes
configure:4064: checking for stdlib.h
configure:4064: gcc -c -g -O2  conftest.c >&5
configure:4064: $? = 0
configure:4064: result: yes
configure:4064: checking for string.h
configure:4064: gcc -c -g -O2  conftest.c >&5
configure:4064: $? = 0
configure:4064: result: yes
configure:4064: checking for memory.h
configure:4064: gcc -c -g -O2  conftest.c >&5
configure:4064: $? = 0
configure:4064: result: yes
configure:4064: checking for strings.h
configure:4064: gcc -c -g -O2  conftest.c >&5
configure:4064: $? = 0
configure:4064: result: yes
configure:4064: checking for inttypes.h
configure:4064: gcc -c -g -O2  conftest.c >&5
configure:4064: $? = 0
configure:4064: result: yes
configure:4064: checking for stdint.h
configure:4064: gcc -c -g -O2  conftest.c >&5
configure:4064: $? = 0
configure:4064: result: yes
configure:4064: checking for unistd.h
configure:4064: gcc -c -g -O2  conftest.c >&5
configure:4064: $? = 0
configure:4064: result: yes
configure:4078: checking for stdlib.h
configure:4078: result: yes
configure:4204: checking that generated files are newer than configure
configure:4210: result: done
configure:4233: creating ./config.status

## ---------------------- ##
## Running config.status. ##
## ---------------------- ##

This file was extended by FULL-PACKAGE-NAME config.status VERSION, which was
generated by GNU Autoconf 2.69.  Invocation command line was

  CONFIG_FILES    = 
  CONFIG_HEADERS  = 
  CONFIG_LINKS    = 
  CONFIG_COMMANDS = 
  $ ./config.status 

on linuxmin-F83VF

config.status:854: creating Makefile
config.status:854: creating config.h
config.status:1035: config.h is unchanged
config.status:1083: executing depfiles commands

## ---------------- ##
## Cache variables. ##
## ---------------- ##

ac_cv_c_compiler_gnu=yes
ac_cv_env_CC_set=
ac_cv_env_CC_value=
ac_cv_env_CFLAGS_set=
ac_cv_env_CFLAGS_value=
ac_cv_env_CPPFLAGS_set=
ac_cv_env_CPPFLAGS_value=
ac_cv_env_CPP_set=
ac_cv_env_CPP_value=
ac_cv_env_LDFLAGS_set=
ac_cv_env_LDFLAGS_value=
ac_cv_env_LIBS_set=
ac_cv_env_LIBS_value=
ac_cv_env_build_alias_set=
ac_cv_env_build_alias_value=
ac_cv_env_host_alias_set=
ac_cv_env_host_alias_value=
ac_cv_env_target_alias_set=
ac_cv_env_target_alias_value=
ac_cv_header_inttypes_h=yes
ac_cv_header_memory_h=yes
ac_cv_header_stdc=yes
ac_cv_header_stdint_h=yes
ac_cv_header_stdlib_h=yes
ac_cv_header_string_h=yes
ac_cv_header_strings_h=yes
ac_cv_header_sys_stat_h=yes
ac_cv_header_sys_types_h=yes
ac_cv_header_unistd_h=yes
ac_cv_objext=o
ac_cv_path_EGREP='/bin/grep -E'
ac_cv_path_GREP=/bin/grep
ac_cv_path_install='/usr/bin/install -c'
ac_cv_path_mkdir=/bin/mkdir
ac_cv_prog_AWK=mawk
ac_cv_prog_CPP='gcc -E'
ac_cv_prog_ac_ct_CC=gcc
ac_cv_prog_ac_ct_RANLIB=ranlib
ac_cv_prog_cc_c89=
ac_cv_prog_cc_g=yes
ac_cv_prog_make_make_set=yes
am_cv_CC_dependencies_compiler_type=gcc3
am_cv_make_support_nested_variables=yes

## ----------------- ##
## Output variables. ##
## ----------------- ##

ACLOCAL='${SHELL} /home/linuxmin/workingspace/code/ipc/chap7/missing aclocal-1.13'
AMDEPBACKSLASH='\'
AMDEP_FALSE='#'
AMDEP_TRUE=''
AMTAR='$${TAR-tar}'
AM_BACKSLASH='\'
AM_DEFAULT_V='$(AM_DEFAULT_VERBOSITY)'
AM_DEFAULT_VERBOSITY='1'
AM_V='$(V)'
AUTOCONF='${SHELL} /home/linuxmin/workingspace/code/ipc/chap7/missing autoconf'
AUTOHEADER='${SHELL} /home/linuxmin/workingspace/code/ipc/chap7/missing autoheader'
AUTOMAKE='${SHELL} /home/linuxmin/workingspace/code/ipc/chap7/missing automake-1.13'
AWK='mawk'
CC='gcc'
CCDEPMODE='depmode=gcc3'
CFLAGS='-g -O2'
CPP='gcc -E'
CPPFLAGS=''
CYGPATH_W='echo'
DEFS='-DHAVE_CONFIG_H'
DEPDIR='.deps'
ECHO_C=''
ECHO_N='-n'
ECHO_T=''
EGREP='/bin/grep -E'
EXEEXT=''
GREP='/bin/grep'
INSTALL_DATA='${INSTALL} -m 644'
INSTALL_PROGRAM='${INSTALL}'
INSTALL_SCRIPT='${INSTALL}'
INSTALL_STRIP_PROGRAM='$(install_sh) -c -s'
LDFLAGS=''
LIBOBJS=''
LIBS=''
LTLIBOBJS=''
MAKEINFO='${SHELL} /home/linuxmin/workingspace/code/ipc/chap7/missing makeinfo'
MKDIR_P='/bin/mkdir -p'
OBJEXT='o'
PACKAGE='full-package-name'
PACKAGE_BUGREPORT='BUG-REPORT-ADDRESS'
PACKAGE_NAME='FULL-PACKAGE-NAME'
PACKAGE_STRING='FULL-PACKAGE-NAME VERSION'
PACKAGE_TARNAME='full-package-name'
PACKAGE_URL=''
PACKAGE_VERSION='VERSION'
PATH_SEPARATOR=':'
RANLIB='ranlib'
SET_MAKE=''
SHELL='/bin/bash'
STRIP=''
VERSION='VERSION'
ac_ct_CC='gcc'
am__EXEEXT_FALSE=''
am__EXEEXT_TRUE='#'
am__fastdepCC_FALSE='#'
am__fastdepCC_TRUE=''
am__include='include'
am__isrc=''
am__leading_dot='.'
am__nodep='_no'
am__quote=''
am__tar='$${TAR-tar} chof - "$$tardir"'
am__untar='$${TAR-tar} xf -'
bindir='${exec_prefix}/bin'
build_alias=''
datadir='${datarootdir}'
datarootdir='${prefix}/share'
docdir='${datarootdir}/doc/${PACKAGE_TARNAME}'
dvidir='${docdir}'
exec_prefix='${prefix}'
host_alias=''
htmldir='${docdir}'
includedir='${prefix}/include'
infodir='${datarootdir}/info'
install_sh='${SHELL} /home/linuxmin/workingspace/code/ipc/chap7/install-sh'
libdir='${exec_prefix}/lib'
libexecdir='${exec_prefix}/libexec'
localedir='${datarootdir}/locale'
localstatedir='${prefix}/var'
mandir='${datarootdir}/man'
mkdir_p='$(MKDIR_P)'
oldincludedir='/usr/include'
pdfdir='${docdir}'
prefix='/usr/local'
program_transform_name='s,x,x,'
psdir='${docdir}'
sbindir='${exec_prefix}/sbin'
sharedstatedir='${prefix}/com'
sysconfdir='${prefix}/etc'
target_alias=''

## ----------- ##
## confdefs.h. ##
## ----------- ##

/* confdefs.h */
#define PACKAGE_NAME "FULL-PACKAGE-NAME"
#define PACKAGE_TARNAME "full-package-name"
#define PACKAGE_VERSION "VERSION"
#define PACKAGE_STRING "FULL-PACKAGE-NAME VERSION"
#define PACKAGE_BUGREPORT "BUG-REPORT-ADDRESS"
#define PACKAGE_URL ""
#define PACKAGE "full-package-name"
#define VERSION "VERSION"
#define STDC_HEADERS 1
#define HAVE_SYS_TYPES_H 1
#define HAVE_SYS_STAT_H 1
#define HAVE_STDLIB_H 1
#define HAVE_STRING_H 1
#define HAVE_MEMORY_H 1
#define HAVE_STRINGS_H 1
#define HAVE_INTTYPES_H 1
#define HAVE_STDINT_H 1
#define HAVE_UNISTD_H 1
#define HAVE_STDLIB_H 1

configure: exit 0
